0 info it worked if it ends with ok
1 verbose cli [ '/Users/swordroot/.nodebrew/node/v5.12.0/bin/node',
1 verbose cli   '/Users/swordroot/.nodebrew/current/bin/npm',
1 verbose cli   'run',
1 verbose cli   'deploy' ]
2 info using npm@3.8.6
3 info using node@v5.12.0
4 verbose run-script [ 'predeploy', 'deploy', 'postdeploy' ]
5 info lifecycle functions@~predeploy: functions@
6 silly lifecycle functions@~predeploy: no script for predeploy, continuing
7 info lifecycle functions@~deploy: functions@
8 verbose lifecycle functions@~deploy: unsafe-perm in lifecycle true
9 verbose lifecycle functions@~deploy: PATH: /Users/swordroot/.nodebrew/node/v5.12.0/lib/node_modules/npm/bin/node-gyp-bin:/Users/swordroot/Documents/Aidemy/workspace/twitter-bot/functions/node_modules/.bin:/Users/swordroot/.nodebrew/node/v5.12.0/bin:/Users/swordroot/.nodebrew/current/bin:/usr/local/bin:/usr/bin:/bin:/usr/sbin:/sbin:/usr/local/share/dotnet:/Library/Frameworks/Mono.framework/Versions/Current/Commands:/Applications/Wireshark.app/Contents/MacOS:/Applications/Xamarin Workbooks.app/Contents/SharedSupport/path-bin:/Users/swordroot/sdks/google-cloud-sdk/bin:/Users/swordroot/.nodebrew/current/bin
10 verbose lifecycle functions@~deploy: CWD: /Users/swordroot/Documents/Aidemy/workspace/twitter-bot/functions
11 silly lifecycle functions@~deploy: Args: [ '-c',
11 silly lifecycle   'firebase deploy --only functions --project twitter-bot-7b391' ]
12 info lifecycle functions@~deploy: Failed to exec deploy script
13 verbose stack Error: functions@ deploy: `firebase deploy --only functions --project twitter-bot-7b391`
13 verbose stack spawn ENOENT
13 verbose stack     at ChildProcess.<anonymous> (/Users/swordroot/.nodebrew/node/v5.12.0/lib/node_modules/npm/lib/utils/spawn.js:17:16)
13 verbose stack     at emitTwo (events.js:100:13)
13 verbose stack     at ChildProcess.emit (events.js:185:7)
13 verbose stack     at maybeClose (internal/child_process.js:850:16)
13 verbose stack     at Process.ChildProcess._handle.onexit (internal/child_process.js:215:5)
14 verbose pkgid functions@
15 verbose cwd /Users/swordroot/Documents/Aidemy/workspace/twitter-bot/functions
16 error Darwin 18.2.0
17 error argv "/Users/swordroot/.nodebrew/node/v5.12.0/bin/node" "/Users/swordroot/.nodebrew/current/bin/npm" "run" "deploy"
18 error node v5.12.0
19 error npm  v3.8.6
20 error file sh
21 error code ELIFECYCLE
22 error errno ENOENT
23 error syscall spawn
24 error functions@ deploy: `firebase deploy --only functions --project twitter-bot-7b391`
24 error spawn ENOENT
25 error Failed at the functions@ deploy script 'firebase deploy --only functions --project twitter-bot-7b391'.
25 error Make sure you have the latest version of node.js and npm installed.
25 error If you do, this is most likely a problem with the functions package,
25 error not with npm itself.
25 error Tell the author that this fails on your system:
25 error     firebase deploy --only functions --project twitter-bot-7b391
25 error You can get information on how to open an issue for this project with:
25 error     npm bugs functions
25 error Or if that isn't available, you can get their info via:
25 error     npm owner ls functions
25 error There is likely additional logging output above.
26 verbose exit [ 1, true ]
